<html>
<head>
<title>TestNG:  Broadcaster - Record a transcoded steam and waits 750#3</title>
<link href="../testng.css" rel="stylesheet" type="text/css" />
<link href="../my-testng.css" rel="stylesheet" type="text/css" />

<style type="text/css">
.log { display: none;} 
.stack-trace { display: none;} 
</style>
<script type="text/javascript">
<!--
function flip(e) {
  current = e.style.display;
  if (current == 'block') {
    e.style.display = 'none';
    return 0;
  }
  else {
    e.style.display = 'block';
    return 1;
  }
}

function toggleBox(szDivId, elem, msg1, msg2)
{
  var res = -1;  if (document.getElementById) {
    res = flip(document.getElementById(szDivId));
  }
  else if (document.all) {
    // this is the way old msie versions work
    res = flip(document.all[szDivId]);
  }
  if(elem) {
    if(res == 0) elem.innerHTML = msg1; else elem.innerHTML = msg2;
  }

}

function toggleAllBoxes() {
  if (document.getElementsByTagName) {
    d = document.getElementsByTagName('div');
    for (i = 0; i < d.length; i++) {
      if (d[i].className == 'log') {
        flip(d[i]);
      }
    }
  }
}

// -->
</script>

</head>
<body>
<h2 align='center'>Broadcaster - Record a transcoded steam and waits 750#3</h2><table border='1' align="center">
<tr>
<td>Tests passed/Failed/Skipped:</td><td>0/1/0</td>
</tr><tr>
<td>Started on:</td><td>Mon Jun 27 19:08:34 IDT 2016</td>
</tr>
<tr><td>Total time:</td><td>65 seconds (65082 ms)</td>
</tr><tr>
<td>Included groups:</td><td></td>
</tr><tr>
<td>Excluded groups:</td><td></td>
</tr>
</table><p/>
<small><i>(Hover the method name to see the test class name)</i></small><p/>
<table width='100%' border='1' class='invocation-failed'>
<tr><td colspan='4' align='center'><b>FAILED TESTS</b></td></tr>
<tr><td><b>Test method</b></td>
<td width="30%"><b>Exception</b></td>
<td width="10%"><b>Time (seconds)</b></td>
<td><b>Instance</b></td>
</tr>
<tr>
<td title='com.zixi.testing.BroadcasterFileInputTest.broadcasterRecordInout()'><b>broadcasterRecordInout</b><br>Test class: com.zixi.testing.BroadcasterFileInputTest<br>Parameters: admin, 1234, 10.7.0.23, 4444, trans_750#3, 1, 1249</td>
<td><div><pre>java.lang.AssertionError: expected [added] but found [{&quot;error&quot;:&quot;Missing parameters&quot;,&quot;streams&quot;:[{&quot;id&quot;:&quot;chab&quot;,&quot;oid&quot;:57,&quot;remote_id&quot;:&quot;&quot;,&quot;source&quot;:&quot;n6000k.ts&quot;,&quot;remote_ip&quot;:&quot;&quot;,&quot;status&quot;:&quot;Connected&quot;,&quot;error&quot;:&quot;None&quot;,&quot;error_code&quot;:0,&quot;clients&quot;:0,&quot;latency&quot;:500,&quot;rtt&quot;:&quot;0/0&quot;,&quot;bitrate&quot;:5727196,&quot;device&quot;:&quot;Windows 64bit&quot;,&quot;app&quot;:&quot;Broadcaster&quot;,&quot;build&quot;:23266,&quot;maxbitrate&quot;:23985024,&quot;maxouts&quot;:-1,&quot;mcast_out&quot;:0,&quot;mcast_out_force&quot;:0,&quot;encrypted&quot;:0,&quot;time_shift&quot;:0,&quot;permanent&quot;:1,&quot;up_time&quot;:&quot;00:01:05&quot;,&quot;up_time_seconds&quot;:65,&quot;change_time&quot;:&quot;2016-Jun-27 19:08:38&quot;,&quot;change_time_seconds_ago&quot;:65,&quot;type_code&quot;:11,&quot;type&quot;:&quot;File&quot;,&quot;type_string&quot;:&quot;File&quot;,&quot;present_in_matrix&quot;:1,&quot;preview_status&quot;:0,&quot;stream_alerts&quot;:0,&quot;analyze&quot;:0,&quot;live_recording_status&quot;:{&quot;defined&quot;:0,&quot;active&quot;:0},&quot;tr101&quot;:[],&quot;path&quot;:&quot;&quot;,&quot;size&quot;:0}]}]
	at org.testng.Assert.fail(Assert.java:94)
	at org.testng.Assert.failNotEquals(Assert.java:496)
	at org.testng.Assert.assertEquals(Assert.java:125)
	at org.testng.Assert.assertEquals(Assert.java:178)
	at org.testng.Assert.assertEquals(Assert.java:188)
	at com.zixi.testing.BroadcasterFileInputTest.broadcasterRecordInout(BroadcasterFileInputTest.java:74)
	at sun.reflect.GeneratedMethodAccessor12.invoke(Unknown Source)
	at sun.reflect.DelegatingMethodAccessorImpl.invoke(Unknown Source)
	at java.lang.reflect.Method.invoke(Unknown Source)
	at org.testng.internal.MethodInvocationHelper.invokeMethod(MethodInvocationHelper.java:85)
	at org.testng.internal.Invoker.invokeMethod(Invoker.java:659)
	at org.testng.internal.Invoker.invokeTestMethod(Invoker.java:845)
	at org.testng.internal.Invoker.invokeTestMethods(Invoker.java:1153)
	at org.testng.internal.TestMethodWorker.invokeTestMethods(TestMethodWorker.java:125)
	at org.testng.internal.TestMethodWorker.run(TestMethodWorker.java:108)
	at org.testng.TestRunner.privateRun(TestRunner.java:771)
	at org.testng.TestRunner.run(TestRunner.java:621)
	at org.testng.SuiteRunner.runTest(SuiteRunner.java:357)
	at org.testng.SuiteRunner.runSequentially(SuiteRunner.java:352)
	at org.testng.SuiteRunner.privateRun(SuiteRunner.java:310)
	at org.testng.SuiteRunner.run(SuiteRunner.java:259)
	at org.testng.SuiteRunnerWorker.runSuite(SuiteRunnerWorker.java:52)
	at org.testng.SuiteRunnerWorker.run(SuiteRunnerWorker.java:86)
	at org.testng.TestNG.runSuitesSequentially(TestNG.java:1199)
	at org.testng.TestNG.runSuitesLocally(TestNG.java:1124)
	at org.testng.TestNG.run(TestNG.java:1032)
	at org.testng.remote.RemoteTestNG.run(RemoteTestNG.java:111)
	at org.testng.remote.RemoteTestNG.initAndRun(RemoteTestNG.java:204)
	at org.testng.remote.RemoteTestNG.main(RemoteTestNG.java:175)
</pre></div><a href='#' onClick='toggleBox("stack-trace1117448897", this, "Click to show all stack frames", "Click to hide stack frames")'>Click to show all stack frames</a>
<div class='stack-trace' id='stack-trace1117448897'><pre>java.lang.AssertionError: expected [added] but found [{&quot;error&quot;:&quot;Missing parameters&quot;,&quot;streams&quot;:[{&quot;id&quot;:&quot;chab&quot;,&quot;oid&quot;:57,&quot;remote_id&quot;:&quot;&quot;,&quot;source&quot;:&quot;n6000k.ts&quot;,&quot;remote_ip&quot;:&quot;&quot;,&quot;status&quot;:&quot;Connected&quot;,&quot;error&quot;:&quot;None&quot;,&quot;error_code&quot;:0,&quot;clients&quot;:0,&quot;latency&quot;:500,&quot;rtt&quot;:&quot;0/0&quot;,&quot;bitrate&quot;:5727196,&quot;device&quot;:&quot;Windows 64bit&quot;,&quot;app&quot;:&quot;Broadcaster&quot;,&quot;build&quot;:23266,&quot;maxbitrate&quot;:23985024,&quot;maxouts&quot;:-1,&quot;mcast_out&quot;:0,&quot;mcast_out_force&quot;:0,&quot;encrypted&quot;:0,&quot;time_shift&quot;:0,&quot;permanent&quot;:1,&quot;up_time&quot;:&quot;00:01:05&quot;,&quot;up_time_seconds&quot;:65,&quot;change_time&quot;:&quot;2016-Jun-27 19:08:38&quot;,&quot;change_time_seconds_ago&quot;:65,&quot;type_code&quot;:11,&quot;type&quot;:&quot;File&quot;,&quot;type_string&quot;:&quot;File&quot;,&quot;present_in_matrix&quot;:1,&quot;preview_status&quot;:0,&quot;stream_alerts&quot;:0,&quot;analyze&quot;:0,&quot;live_recording_status&quot;:{&quot;defined&quot;:0,&quot;active&quot;:0},&quot;tr101&quot;:[],&quot;path&quot;:&quot;&quot;,&quot;size&quot;:0}]}]
	at org.testng.Assert.fail(Assert.java:94)
	at org.testng.Assert.failNotEquals(Assert.java:496)
	at org.testng.Assert.assertEquals(Assert.java:125)
	at org.testng.Assert.assertEquals(Assert.java:178)
	at org.testng.Assert.assertEquals(Assert.java:188)
	at com.zixi.testing.BroadcasterFileInputTest.broadcasterRecordInout(BroadcasterFileInputTest.java:74)
	at sun.reflect.GeneratedMethodAccessor12.invoke(Unknown Source)
	at sun.reflect.DelegatingMethodAccessorImpl.invoke(Unknown Source)
	at java.lang.reflect.Method.invoke(Unknown Source)
	at org.testng.internal.MethodInvocationHelper.invokeMethod(MethodInvocationHelper.java:85)
	at org.testng.internal.Invoker.invokeMethod(Invoker.java:659)
	at org.testng.internal.Invoker.invokeTestMethod(Invoker.java:845)
	at org.testng.internal.Invoker.invokeTestMethods(Invoker.java:1153)
	at org.testng.internal.TestMethodWorker.invokeTestMethods(TestMethodWorker.java:125)
	at org.testng.internal.TestMethodWorker.run(TestMethodWorker.java:108)
	at org.testng.TestRunner.privateRun(TestRunner.java:771)
	at org.testng.TestRunner.run(TestRunner.java:621)
	at org.testng.SuiteRunner.runTest(SuiteRunner.java:357)
	at org.testng.SuiteRunner.runSequentially(SuiteRunner.java:352)
	at org.testng.SuiteRunner.privateRun(SuiteRunner.java:310)
	at org.testng.SuiteRunner.run(SuiteRunner.java:259)
	at org.testng.SuiteRunnerWorker.runSuite(SuiteRunnerWorker.java:52)
	at org.testng.SuiteRunnerWorker.run(SuiteRunnerWorker.java:86)
	at org.testng.TestNG.runSuitesSequentially(TestNG.java:1199)
	at org.testng.TestNG.runSuitesLocally(TestNG.java:1124)
	at org.testng.TestNG.run(TestNG.java:1032)
	at org.testng.remote.RemoteTestNG.run(RemoteTestNG.java:111)
	at org.testng.remote.RemoteTestNG.initAndRun(RemoteTestNG.java:204)
	at org.testng.remote.RemoteTestNG.main(RemoteTestNG.java:175)
</pre></div></td>
<td>65</td>
<td>com.zixi.testing.BroadcasterFileInputTest@479d31f3</td></tr>
</table><p>
</body>
</html>