<?xml version="1.0" encoding="UTF-8"?>
<!-- Generated by org.testng.reporters.JUnitXMLReporter -->
<testsuite hostname="yuri-PC" name="Broadcaster - Record a transcoded steam and waits 750#3" tests="1" failures="1" timestamp="27 Jun 2016 16:09:39 GMT" time="65.082" errors="0">
  <testcase name="broadcasterRecordInout" time="65.012" classname="com.zixi.testing.BroadcasterFileInputTest">
    <failure type="java.lang.AssertionError" message="expected [added] but found [{&amp;quot;error&amp;quot;:&amp;quot;Missing parameters&amp;quot;,&amp;quot;streams&amp;quot;:[{&amp;quot;id&amp;quot;:&amp;quot;chab&amp;quot;,&amp;quot;oid&amp;quot;:57,&amp;quot;remote_id&amp;quot;:&amp;quot;&amp;quot;,&amp;quot;source&amp;quot;:&amp;quot;n6000k.ts&amp;quot;,&amp;quot;remote_ip&amp;quot;:&amp;quot;&amp;quot;,&amp;quot;status&amp;quot;:&amp;quot;Connected&amp;quot;,&amp;quot;error&amp;quot;:&amp;quot;None&amp;quot;,&amp;quot;error_code&amp;quot;:0,&amp;quot;clients&amp;quot;:0,&amp;quot;latency&amp;quot;:500,&amp;quot;rtt&amp;quot;:&amp;quot;0/0&amp;quot;,&amp;quot;bitrate&amp;quot;:5727196,&amp;quot;device&amp;quot;:&amp;quot;Windows 64bit&amp;quot;,&amp;quot;app&amp;quot;:&amp;quot;Broadcaster&amp;quot;,&amp;quot;build&amp;quot;:23266,&amp;quot;maxbitrate&amp;quot;:23985024,&amp;quot;maxouts&amp;quot;:-1,&amp;quot;mcast_out&amp;quot;:0,&amp;quot;mcast_out_force&amp;quot;:0,&amp;quot;encrypted&amp;quot;:0,&amp;quot;time_shift&amp;quot;:0,&amp;quot;permanent&amp;quot;:1,&amp;quot;up_time&amp;quot;:&amp;quot;00:01:05&amp;quot;,&amp;quot;up_time_seconds&amp;quot;:65,&amp;quot;change_time&amp;quot;:&amp;quot;2016-Jun-27 19:08:38&amp;quot;,&amp;quot;change_time_seconds_ago&amp;quot;:65,&amp;quot;type_code&amp;quot;:11,&amp;quot;type&amp;quot;:&amp;quot;File&amp;quot;,&amp;quot;type_string&amp;quot;:&amp;quot;File&amp;quot;,&amp;quot;present_in_matrix&amp;quot;:1,&amp;quot;preview_status&amp;quot;:0,&amp;quot;stream_alerts&amp;quot;:0,&amp;quot;analyze&amp;quot;:0,&amp;quot;live_recording_status&amp;quot;:{&amp;quot;defined&amp;quot;:0,&amp;quot;active&amp;quot;:0},&amp;quot;tr101&amp;quot;:[],&amp;quot;path&amp;quot;:&amp;quot;&amp;quot;,&amp;quot;size&amp;quot;:0}]}]">
      <![CDATA[java.lang.AssertionError: expected [added] but found [{"error":"Missing parameters","streams":[{"id":"chab","oid":57,"remote_id":"","source":"n6000k.ts","remote_ip":"","status":"Connected","error":"None","error_code":0,"clients":0,"latency":500,"rtt":"0/0","bitrate":5727196,"device":"Windows 64bit","app":"Broadcaster","build":23266,"maxbitrate":23985024,"maxouts":-1,"mcast_out":0,"mcast_out_force":0,"encrypted":0,"time_shift":0,"permanent":1,"up_time":"00:01:05","up_time_seconds":65,"change_time":"2016-Jun-27 19:08:38","change_time_seconds_ago":65,"type_code":11,"type":"File","type_string":"File","present_in_matrix":1,"preview_status":0,"stream_alerts":0,"analyze":0,"live_recording_status":{"defined":0,"active":0},"tr101":[],"path":"","size":0}]}]
	at org.testng.Assert.fail(Assert.java:94)
	at org.testng.Assert.failNotEquals(Assert.java:496)
	at org.testng.Assert.assertEquals(Assert.java:125)
	at org.testng.Assert.assertEquals(Assert.java:178)
	at org.testng.Assert.assertEquals(Assert.java:188)
	at com.zixi.testing.BroadcasterFileInputTest.broadcasterRecordInout(BroadcasterFileInputTest.java:74)
	at sun.reflect.GeneratedMethodAccessor12.invoke(Unknown Source)
	at sun.reflect.DelegatingMethodAccessorImpl.invoke(Unknown Source)
	at java.lang.reflect.Method.invoke(Unknown Source)
	at org.testng.internal.MethodInvocationHelper.invokeMethod(MethodInvocationHelper.java:85)
	at org.testng.internal.Invoker.invokeMethod(Invoker.java:659)
	at org.testng.internal.Invoker.invokeTestMethod(Invoker.java:845)
	at org.testng.internal.Invoker.invokeTestMethods(Invoker.java:1153)
	at org.testng.internal.TestMethodWorker.invokeTestMethods(TestMethodWorker.java:125)
	at org.testng.internal.TestMethodWorker.run(TestMethodWorker.java:108)
	at org.testng.TestRunner.privateRun(TestRunner.java:771)
	at org.testng.TestRunner.run(TestRunner.java:621)
	at org.testng.SuiteRunner.runTest(SuiteRunner.java:357)
	at org.testng.SuiteRunner.runSequentially(SuiteRunner.java:352)
	at org.testng.SuiteRunner.privateRun(SuiteRunner.java:310)
	at org.testng.SuiteRunner.run(SuiteRunner.java:259)
	at org.testng.SuiteRunnerWorker.runSuite(SuiteRunnerWorker.java:52)
	at org.testng.SuiteRunnerWorker.run(SuiteRunnerWorker.java:86)
	at org.testng.TestNG.runSuitesSequentially(TestNG.java:1199)
	at org.testng.TestNG.runSuitesLocally(TestNG.java:1124)
	at org.testng.TestNG.run(TestNG.java:1032)
	at org.testng.remote.RemoteTestNG.run(RemoteTestNG.java:111)
	at org.testng.remote.RemoteTestNG.initAndRun(RemoteTestNG.java:204)
	at org.testng.remote.RemoteTestNG.main(RemoteTestNG.java:175)
]]>
    </failure>
  </testcase> <!-- broadcasterRecordInout -->
</testsuite> <!-- Broadcaster - Record a transcoded steam and waits 750#3 -->
